The following modules were not unloaded:
  (Use "module --force purge" to unload all):

  1) CCconfig         4) imkl/2020.1.217    7) libfabric/1.10.1
  2) gentoo/2020      5) intel/2020.1.217   8) openmpi/4.0.3
  3) gcccore/.9.3.0   6) ucx/1.8.0          9) StdEnv/2020

Lmod is automatically replacing "intel/2020.1.217" with "gcc/9.3.0".


Due to MODULEPATH changes, the following have been reloaded:
  1) libfabric/1.10.1     2) openmpi/4.0.3     3) ucx/1.8.0

The environment has already been set by the module.
Not making any changes.
At line 111 of file /tmp/ebuser/avx2/AmberTools/21/gofbc-2020.1.403.114/AmberTools/src/sander/rdparm.F90 (unit = 8, file = 'TXS-vert12.prmtop')
Fortran runtime error: End of file

Error termination. Backtrace:
#0  0x2b4193cad730 in ???
#1  0x2b4193cae289 in ???
#2  0x2b4193caef6f in ???
#3  0x2b4193ee276b in ???
#4  0x2b4193ee2d62 in ???
#5  0x2b4193edf49b in ???
#6  0x2b4193ee4444 in ???
#7  0x2b4193ee550b in ???
#8  0x67d741 in ???
#9  0x65e71e in ???
#10  0x65d67d in ???
#11  0x65d755 in ???
#12  0x2b4194031e1a in ???
#13  0x458f09 in ???
#14  0xffffffffffffffff in ???
cdr26.int.cedar.computecanada.ca.3442psmi_cuda_initialize: Unable to find active CUDA context
srun: error: cdr26: task 0: Exited with exit code 2
srun: Terminating StepId=19253539.0
srun: error: cdr202: task 5: Terminated
srun: error: cdr27: task 1: Terminated
srun: error: cdr200: task 4: Terminated
srun: error: cdr31: task 2: Terminated
srun: error: cdr38: task 3: Terminated
srun: error: cdr210: tasks 6-7: Terminated
srun: Force Terminated StepId=19253539.0
Error: Could not determine format of topology 'TXS-vert12.prmtop'
Error: Could not open topology 'TXS-vert12.prmtop'
	1 errors encountered reading input.
Error: Error(s) occurred during execution.

CPPTRAJ: Trajectory Analysis. V5.1.0 OpenMP
    ___  ___  ___  ___
     | \/ | \/ | \/ | 
    _|_/\_|_/\_|_/\_|_

| 1 OpenMP threads available.
| Date/time: 11/25/23 10:11:48
| Available memory: 107.735 GB

INPUT: Reading input from 'QM_MM/to_pdb.in'
  [parm TXS-vert12.prmtop]
TIME: Total execution time: 0.0689 seconds.

